<?xml version="1.0" encoding="UTF-8"?>
<!-- Generated by org.testng.reporters.JUnitXMLReporter -->
<testsuite hostname="SYED" ignored="0" name="Test on firefox" tests="3" failures="0" timestamp="28 Mar 2018 04:56:42 GMT" time="36.608" errors="0">
  <testcase name="TestInValidLogin" time="3.235" classname="Script.InvalidLogin"/>
  <testcase name="TestValidLogin" time="2.188" classname="Script.Val"/>
  <testcase name="TestValidLogin" time="2.538" classname="Script.ValidLogin"/>
</testsuite> <!-- Test on firefox -->
